#
# There is insufficient memory for the Java Runtime Environment to continue.
# Native memory allocation (mmap) failed to map 8388608 bytes. Error detail: G1 virtual space
# Possible reasons:
#   The system is out of physical RAM or swap space
#   This process is running with CompressedOops enabled, and the Java Heap may be blocking the growth of the native heap
# Possible solutions:
#   Reduce memory load on the system
#   Increase physical memory or swap space
#   Check if swap backing store is full
#   Decrease Java heap size (-Xmx/-Xms)
#   Decrease number of Java threads
#   Decrease Java thread stack sizes (-Xss)
#   Set larger code cache with -XX:ReservedCodeCacheSize=
#   JVM is running with Zero Based Compressed Oops mode in which the Java heap is
#     placed in the first 32GB address space. The Java Heap base address is the
#     maximum limit for the native heap growth. Please use -XX:HeapBaseMinAddress
#     to set the Java Heap base and to place the Java Heap above 32GB virtual address.
# This output file may be truncated or incomplete.
#
#  Out of Memory Error (os_windows.cpp:3898), pid=26832, tid=31780
#
# JRE version:  (21.0.6) (build )
# Java VM: OpenJDK 64-Bit Server VM (21.0.6+-13355223-b631.42, mixed mode, sharing, tiered, compressed oops, compressed class ptrs, g1 gc, windows-amd64)
# No core dump will be written. Minidumps are not enabled by default on client versions of Windows
#

---------------  S U M M A R Y ------------

Command Line: org.jetbrains.kotlin.cli.jvm.K2JVMCompiler @D:\Badger\app\build\20250615_4454649231400836979.compiler.options

Host: Intel(R) Core(TM) i5-10400 CPU @ 2.90GHz, 12 cores, 31G,  Windows 10 , 64 bit Build 19041 (10.0.19041.5915)
Time: Sun Jun 15 19:12:48 2025 Stindows 10 , 64 bit Build 19041 (10.0.19041.5915) elapsed time: 0.007863 seconds (0d 0h 0m 0s)

---------------  T H R E A D  ---------------

Current thread (0x00000268e3f736b0):  JavaThread "Unknown thread" [_thread_in_vm, id=31780, stack(0x000000b7b3b00000,0x000000b7b3c00000) (1024K)]

Stack: [0x000000b7b3b00000,0x000000b7b3c00000]
Native frames: (J=compiled Java code, j=interpreted, Vv=VM code, C=native code)
V  [jvm.dll+0x6d05a9]
V  [jvm.dll+0x85ea73]
V  [jvm.dll+0x860fce]
V  [jvm.dll+0x8616b3]
V  [jvm.dll+0x27e6e6]
V  [jvm.dll+0x6ccf45]
V  [jvm.dll+0x6c09fa]
V  [jvm.dll+0x35535b]
V  [jvm.dll+0x35cfb6]
V  [jvm.dll+0x3aef5b]
V  [jvm.dll+0x3af218]
V  [jvm.dll+0x327a2c]
V  [jvm.dll+0x32871b]
V  [jvm.dll+0x8264b9]
V  [jvm.dll+0x3bc118]
V  [jvm.dll+0x80f768]
V  [jvm.dll+0x4502ce]
V  [jvm.dll+0x451a31]
C  [jli.dll+0x52ab]
C  [ucrtbase.dll+0x21bb2]
C  [KERNEL32.DLL+0x17374]
C  [ntdll.dll+0x4cc91]


---------------  P R O C E S S  ---------------

Threads class SMR info:
_java_thread_list=0x00007ff8db611848, length=0, elements={
}

Java Threads: ( => current thread )
Total: 0

Other Threads:
  0x00000268e6276190 WorkerThread "GC Thread#0"                     [id=25980, stack(0x000000b7b3c00000,0x000000b7b3d00000) (1024K)]
  0x00000268e6288a50 ConcurrentGCThread "G1 Main Marker"            [id=23992, stack(0x000000b7b3d00000,0x000000b7b3e00000) (1024K)]
  0x00000268e6289cf0 WorkerThread "G1 Conc#0"                       [id=28104, stack(0x000000b7b3e00000,0x000000b7b3f00000) (1024K)]

[error occurred during error reporting (printing all threads), id 0xc0000005, EXCEPTION_ACCESS_VIOLATION (0xc0000005) at pc=0x00007ff8dae0aa67]
VM state: not at safepoint (not fully initialized)

VM Mutex/Monitor currently owned by a thread:  ([mutex/lock_event])
[0x00007ff8db67e4a0] Heap_lock - owner thread: 0x00000268e3f736b0

Heap address: 0x0000000601400000, size: 8172 MB, Compressed Oops mode: Zero based, Oop shift amount: 3

CDS archive(s) mapped at: [0x0000000000000000-0x0000000000000000-0x0000000000000000), size 0, SharedBaseAddress: 0x0000000800000000, ArchiveRelocationMode: 1.
Narrow klass base: 0x0000000000000000, Narrow klass shift: 0, Narrow klass range: 0x0

GC Precious Log:
 CardTable entry size: 512
 Card Set container configuration: InlinePtr #cards 4 size 8 Array Of Cards #cards 32 size 80 Howl #buckets 8 coarsen threshold 7372 Howl Bitmap #cards 1024 size 144 coarsen threshold 921 Card regions per heap region 1 cards per card region 8192

Heap:
 garbage-first heap   total 0K, used 0K [0x0000000601400000, 0x0000000800000000)
  region size 4096K, 0 young (0K), 0 survivors (0K)
 Metaspace       used 0K, committed 0K, reserved 0K
  class space    used 0K, committed 0K, reserved 0K

Heap Regions: E=young(eden), S=young(survivor), O=old, HS=humongous(starts), HC=humongous(continues), CS=collection set, F=free, TAMS=top-at-mark-start, PB=parsable bottom

Card table byte_map: [0x00000268f9880000,0x00000268fa880000] _byte_map_base: 0x00000268f6876000

Marking Bits: (CMBitMap*) 0x00000268e62770a0
 Bits: [0x0000026880000000, 0x0000026887fb0000)

GC Heap History (0 events):
No events

Dll operation events (1 events):
Event: 0.005 Loaded shared library D:\Android\jbr\bin\java.dll

Deoptimization events (0 events):
No events

Classes loaded (0 events):
No events

Classes unloaded (0 events):
No events

Classes redefined (0 events):
No events

Internal exceptions (0 events):
No events

ZGC Phase Switch (0 events):
No events

VM Operations (0 events):
No events

Memory protections (0 events):
No events

Nmethod flushes (0 events):
No events

Events (0 events):
No events


Dynamic libraries:
0x00007ff6c4300000 - 0x00007ff6c430a000 	D:\Android\jbr\bin\java.exe
0x00007ff9a2bf0000 - 0x00007ff9a2de8000 	C:\Windows\SYSTEM32\ntdll.dll
0x00007ff9a29f0000 - 0x00007ff9a2ab2000 	C:\Windows\System32\KERNEL32.DLL
0x00007ff9a0430000 - 0x00007ff9a0726000 	C:\Windows\System32\KERNELBASE.dll
0x00007ff9a0730000 - 0x00007ff9a0830000 	C:\Windows\System32\ucrtbase.dll
0x00007ff99bc90000 - 0x00007ff99bcab000 	D:\Android\jbr\bin\VCRUNTIME140.dll
0x00007ff999290000 - 0x00007ff9992a8000 	D:\Android\jbr\bin\jli.dll
0x00007ff9a2750000 - 0x00007ff9a28ed000 	C:\Windows\System32\USER32.dll
0x00007ff9a0be0000 - 0x00007ff9a0c02000 	C:\Windows\System32\win32u.dll
0x00007ff99f620000 - 0x00007ff99f8ba000 	C:\Windows\WinSxS\amd64_microsoft.windows.common-controls_6595b64144ccf1df_6.0.19041.5915_none_60b4b9d171f9c7c7\COMCTL32.dll
0x00007ff9a2270000 - 0x00007ff9a229b000 	C:\Windows\System32\GDI32.dll
0x00007ff9a1e70000 - 0x00007ff9a1f0e000 	C:\Windows\System32\msvcrt.dll
0x00007ff9a0a10000 - 0x00007ff9a0b29000 	C:\Windows\System32\gdi32full.dll
0x00007ff9a02b0000 - 0x00007ff9a034d000 	C:\Windows\System32\msvcp_win.dll
0x00007ff9a2720000 - 0x00007ff9a274f000 	C:\Windows\System32\IMM32.DLL
0x00007ff99bc70000 - 0x00007ff99bc7c000 	D:\Android\jbr\bin\vcruntime140_1.dll
0x00007ff970f00000 - 0x00007ff970f8d000 	D:\Android\jbr\bin\msvcp140.dll
0x00007ff8daad0000 - 0x00007ff8db75b000 	D:\Android\jbr\bin\server\jvm.dll
0x00007ff9a1270000 - 0x00007ff9a1321000 	C:\Windows\System32\ADVAPI32.dll
0x00007ff9a28f0000 - 0x00007ff9a298f000 	C:\Windows\System32\sechost.dll
0x00007ff9a1f70000 - 0x00007ff9a2093000 	C:\Windows\System32\RPCRT4.dll
0x00007ff9a0280000 - 0x00007ff9a02a7000 	C:\Windows\System32\bcrypt.dll
0x00007ff9a1e00000 - 0x00007ff9a1e6b000 	C:\Windows\System32\WS2_32.dll
0x00007ff99fe70000 - 0x00007ff99febb000 	C:\Windows\SYSTEM32\POWRPROF.dll
0x00007ff991770000 - 0x00007ff991797000 	C:\Windows\SYSTEM32\WINMM.dll
0x00007ff998ac0000 - 0x00007ff998aca000 	C:\Windows\SYSTEM32\VERSION.dll
0x00007ff99f9b0000 - 0x00007ff99f9c2000 	C:\Windows\SYSTEM32\UMPDC.dll
0x00007ff99d3f0000 - 0x00007ff99d402000 	C:\Windows\SYSTEM32\kernel.appcore.dll
0x00007ff99bc40000 - 0x00007ff99bc4a000 	D:\Android\jbr\bin\jimage.dll
0x00007ff99fbe0000 - 0x00007ff99fde1000 	C:\Windows\SYSTEM32\DBGHELP.DLL
0x00007ff99f9f0000 - 0x00007ff99fa24000 	C:\Windows\SYSTEM32\dbgcore.DLL
0x00007ff9a03a0000 - 0x00007ff9a0422000 	C:\Windows\System32\bcryptPrimitives.dll
0x00007ff99b520000 - 0x00007ff99b540000 	D:\Android\jbr\bin\java.dll

dbghelp: loaded successfully - version: 4.0.5 - missing functions: none
symbol engine: initialized successfully - sym options: 0x614 - pdb path: .;D:\Android\jbr\bin;C:\Windows\SYSTEM32;C:\Windows\WinSxS\amd64_microsoft.windows.common-controls_6595b64144ccf1df_6.0.19041.5915_none_60b4b9d171f9c7c7;D:\Android\jbr\bin\server

VM Arguments:
java_command: org.jetbrains.kotlin.cli.jvm.K2JVMCompiler @D:\Badger\app\build\20250615_4454649231400836979.compiler.options
java_class_path (initial): C:\Users\Admin\.gradle\caches\modules-2\files-2.1\org.jetbrains.kotlin\kotlin-compiler-embeddable\2.0.21\79346ed53db48b18312a472602eb5c057070c54d\kotlin-compiler-embeddable-2.0.21.jar;C:\Users\Admin\.gradle\caches\modules-2\files-2.1\org.jetbrains.kotlin\kotlin-stdlib\2.0.21\618b539767b4899b4660a83006e052b63f1db551\kotlin-stdlib-2.0.21.jar;C:\Users\Admin\.gradle\caches\modules-2\files-2.1\org.jetbrains.kotlin\kotlin-script-runtime\2.0.21\c9b044380ad41f89aa89aa896c2d32a8c0b2129d\kotlin-script-runtime-2.0.21.jar;C:\Users\Admin\.gradle\caches\modules-2\files-2.1\org.jetbrains.kotlin\kotlin-reflect\1.6.10\1cbe9c92c12a94eea200d23c2bbaedaf3daf5132\kotlin-reflect-1.6.10.jar;C:\Users\Admin\.gradle\caches\modules-2\files-2.1\org.jetbrains.kotlin\kotlin-daemon-embeddable\2.0.21\c9e933b23287de9b5a17e2116b4657bb91aea72c\kotlin-daemon-embeddable-2.0.21.jar;C:\Users\Admin\.gradle\caches\modules-2\files-2.1\org.jetbrains.intellij.deps\trove4j\1.0.20200330\3afb14d5f9ceb459d724e907a21145e8ff394f02\trove4j-1.0.20200330.jar;C:\Users\Admin\.gradle\caches\modules-2\files-2.1\org.jetbrains.kotlinx\kotlinx-coroutines-core-jvm\1.6.4\2c997cd1c0ef33f3e751d3831929aeff1390cb30\kotlinx-coroutines-core-jvm-1.6.4.jar;C:\Users\Admin\.gradle\caches\modules-2\files-2.1\org.jetbrains\annotations\13.0\919f0dfe192fb4e063e7dacadee7f8bb9a2672a9\annotations-13.0.jar
Launcher Type: SUN_STANDARD

[Global flags]
     intx CICompilerCount                          = 4                                         {product} {ergonomic}
     uint ConcGCThreads                            = 3                                         {product} {ergonomic}
     uint G1ConcRefinementThreads                  = 10                                        {product} {ergonomic}
   size_t G1HeapRegionSize                         = 4194304                                   {product} {ergonomic}
    uintx GCDrainStackTargetSize                   = 64                                        {product} {ergonomic}
   size_t InitialHeapSize                          = 536870912                                 {product} {ergonomic}
   size_t MarkStackSize                            = 4194304                                   {product} {ergonomic}
   size_t MaxHeapSize                              = 8568963072                                {product} {ergonomic}
   size_t MinHeapDeltaBytes                        = 4194304                                   {product} {ergonomic}
   size_t MinHeapSize                              = 8388608                                   {product} {ergonomic}
    uintx NonNMethodCodeHeapSize                   = 5839372                                {pd product} {ergonomic}
    uintx NonProfiledCodeHeapSize                  = 122909434                              {pd product} {ergonomic}
    uintx ProfiledCodeHeapSize                     = 122909434                              {pd product} {ergonomic}
    uintx ReservedCodeCacheSize                    = 251658240                              {pd product} {ergonomic}
     bool SegmentedCodeCache                       = true                                      {product} {ergonomic}
   size_t SoftMaxHeapSize                          = 8568963072                             {manageable} {ergonomic}
     bool UseCompressedOops                        = true                           {product lp64_product} {ergonomic}
     bool UseG1GC                                  = true                                      {product} {ergonomic}
     bool UseLargePagesIndividualAllocation        = false                                  {pd product} {ergonomic}

Logging:
Log output configuration:
 #0: stdout all=warning uptime,level,tags foldmultilines=false
 #1: stderr all=off uptime,level,tags foldmultilines=false

Environment Variables:
PATH=C:\Program Files\ImageMagick-7.1.1-Q16-HDRI;C:\Program Files\Eclipse Adoptium\jdk-21.0.5.11-hotspot\bin;C:\nasm;C:\Program Files\dotnet\;C:\Program Files\CMake\bin;C:\Program Files\IDM Computer Solutions\UltraEdit;C:\Program Files\Process Lasso\;C:\Program Files\Amazon\AWSCLIV2\;C:\Program Files\PowerShell\7\;%NVM_HOME%;%NVM_SYMLINK%;C:\Program Files (x86)\Windows Kits\10\Windows Performance Toolkit\;C:\Users\Admin\.cargo\bin;C:\Users\Admin\Downloads\ffmpeg-2025-05-05-git-f4e72eb5a3-essentials_build\ffmpeg-2025-05-05-git-f4e72eb5a3-essentials_build\bin;C:\Users\Admin\AppData\Local\Programs\Python\Python312\Scripts\;C:\Users\Admin\AppData\Local\Programs\Python\Python312\;C:\Users\Admin\AppData\Local\Microsoft\WindowsApps;C:\Program Files\JetBrains\PyCharm Community Edition 2023.3.2\bin;;C:\Users\Admin\AppData\Local\GitHubDesktop\bin;C:\Users\Admin\AppData\Local\Programs\Microsoft VS Code\bin;C:\msys64\ucrt64\bin;C:\Program Files\JetBrains\IntelliJ IDEA Community Edition 2023.3.2\bin;;D:\GOG Games\Star Wars Jedi Knight - Jedi Academy\GameData\;C:\Program Files\LibreOffice\program;C:\Windows\System32;C:\Users\Admin\AppData\Roaming\Microsoft\Windows\Start Menu\Programs\GitHub, Inc;C:\Users\Admin\AppData\Local\GitHubDesktop\app-3.4.8\resources\app\git\cmd;C:\Windows\System32\WindowsPowerShell\v1.0\;C:\Users\Admin\Downloads\Release-24.08.0-0\poppler-24.08.0\Library\bin;C:\Users\Admin\AppData\Local\Android\Sdk\platform-tools;C:\Program Files (x86)\Nmap;C:\Users\Admin\.dotnet\tools;C:\Users\Admin\AppData\Roaming\npm;C:\Users\Admin\AppData\Local\GitHubDesktop\app-3.4.16\resources\app\git\cmd;C:\Program Files\Git\cmd;C:\Users\Admin\AppData\Local\nvm;C:\nvm4w\nodejs
USERNAME=Admin
OS=Windows_NT
PROCESSOR_IDENTIFIER=Intel64 Family 6 Model 165 Stepping 3, GenuineIntel
TMP=C:\Users\Admin\AppData\Local\Temp
TEMP=C:\Users\Admin\AppData\Local\Temp




Periodic native trim disabled

JNI global refs:
JNI global refs: 0, weak refs: 0

JNI global refs memory usage: 0, weak refs: 0

Process memory usage:
Resident Set Size: 11060K (0% of 33456468K total physical memory with 8731500K free physical memory)

OOME stack traces (most recent first):
Classloader memory used:

---------------  S Y S T E M  ---------------

OS:
 Windows 10 , 64 bit Build 19041 (10.0.19041.5915)
OS uptime: 4 days 8:34 hours

CPU: total 12 (initial active 12) (6 cores per cpu, 2 threads per core) family 6 model 165 stepping 3 microcode 0xcc, cx8, cmov, fxsr, ht, mmx, 3dnowpref, sse, sse2, sse3, ssse3, sse4.1, sse4.2, popcnt, lzcnt, tsc, tscinvbit, avx, avx2, aes, erms, clmul, bmi1, bmi2, adx, fma, vzeroupper, clflush, clflushopt, rdtscp, f16c
Processor Information for the first 12 processors :
  Max Mhz: 2901, Current Mhz: 2901, Mhz Limit: 2901

Memory: 4k page, system-wide physical 32672M (8526M free)
TotalPageFile size 40864M (AvailPageFile size 11M)
current process WorkingSet (physical memory assigned to process): 10M, peak: 10M
current process commit charge ("private bytes"): 577M, peak: 585M

vm_info: OpenJDK 64-Bit Server VM (21.0.6+-13355223-b631.42) for windows-amd64 JRE (21.0.6+-13355223-b631.42), built on 2025-04-14T18:21:23Z by "builder" with MS VC++ 16.10 / 16.11 (VS2019)

END.
